<?xml version="1.0" encoding="UTF-8"?>
<testsuite xmlns:xsi="http://www.w3.org/2001/XMLSchema-instance" xsi:noNamespaceSchemaLocation="https://maven.apache.org/surefire/maven-surefire-plugin/xsd/surefire-test-report.xsd" name="com.spring.cache.DemoApplicationTests" time="5.907" tests="1" errors="0" skipped="0" failures="0">
  <properties>
    <property name="sun.desktop" value="windows"/>
    <property name="awt.toolkit" value="sun.awt.windows.WToolkit"/>
    <property name="file.encoding.pkg" value="sun.io"/>
    <property name="java.specification.version" value="1.8"/>
    <property name="sun.cpu.isalist" value="amd64"/>
    <property name="sun.jnu.encoding" value="GBK"/>
    <property name="java.class.path" value="D:\Workspace\IdeaProjects\SpringBoot-cache\target\test-classes;D:\Workspace\IdeaProjects\SpringBoot-cache\target\classes;D:\Eclipse\apache-maven-3.3.9\repository\org\springframework\boot\spring-boot-starter-actuator\2.0.6.RELEASE\spring-boot-starter-actuator-2.0.6.RELEASE.jar;D:\Eclipse\apache-maven-3.3.9\repository\org\springframework\boot\spring-boot-starter\2.0.6.RELEASE\spring-boot-starter-2.0.6.RELEASE.jar;D:\Eclipse\apache-maven-3.3.9\repository\org\springframework\boot\spring-boot\2.0.6.RELEASE\spring-boot-2.0.6.RELEASE.jar;D:\Eclipse\apache-maven-3.3.9\repository\org\springframework\boot\spring-boot-autoconfigure\2.0.6.RELEASE\spring-boot-autoconfigure-2.0.6.RELEASE.jar;D:\Eclipse\apache-maven-3.3.9\repository\org\springframework\boot\spring-boot-starter-logging\2.0.6.RELEASE\spring-boot-starter-logging-2.0.6.RELEASE.jar;D:\Eclipse\apache-maven-3.3.9\repository\ch\qos\logback\logback-classic\1.2.3\logback-classic-1.2.3.jar;D:\Eclipse\apache-maven-3.3.9\repository\ch\qos\logback\logback-core\1.2.3\logback-core-1.2.3.jar;D:\Eclipse\apache-maven-3.3.9\repository\org\apache\logging\log4j\log4j-to-slf4j\2.10.0\log4j-to-slf4j-2.10.0.jar;D:\Eclipse\apache-maven-3.3.9\repository\org\apache\logging\log4j\log4j-api\2.10.0\log4j-api-2.10.0.jar;D:\Eclipse\apache-maven-3.3.9\repository\org\slf4j\jul-to-slf4j\1.7.25\jul-to-slf4j-1.7.25.jar;D:\Eclipse\apache-maven-3.3.9\repository\javax\annotation\javax.annotation-api\1.3.2\javax.annotation-api-1.3.2.jar;D:\Eclipse\apache-maven-3.3.9\repository\org\yaml\snakeyaml\1.19\snakeyaml-1.19.jar;D:\Eclipse\apache-maven-3.3.9\repository\org\springframework\boot\spring-boot-actuator-autoconfigure\2.0.6.RELEASE\spring-boot-actuator-autoconfigure-2.0.6.RELEASE.jar;D:\Eclipse\apache-maven-3.3.9\repository\org\springframework\boot\spring-boot-actuator\2.0.6.RELEASE\spring-boot-actuator-2.0.6.RELEASE.jar;D:\Eclipse\apache-maven-3.3.9\repository\com\fasterxml\jackson\core\jackson-databind\2.9.7\jackson-databind-2.9.7.jar;D:\Eclipse\apache-maven-3.3.9\repository\com\fasterxml\jackson\core\jackson-annotations\2.9.0\jackson-annotations-2.9.0.jar;D:\Eclipse\apache-maven-3.3.9\repository\com\fasterxml\jackson\core\jackson-core\2.9.7\jackson-core-2.9.7.jar;D:\Eclipse\apache-maven-3.3.9\repository\org\springframework\spring-context\5.0.10.RELEASE\spring-context-5.0.10.RELEASE.jar;D:\Eclipse\apache-maven-3.3.9\repository\com\fasterxml\jackson\datatype\jackson-datatype-jsr310\2.9.7\jackson-datatype-jsr310-2.9.7.jar;D:\Eclipse\apache-maven-3.3.9\repository\io\micrometer\micrometer-core\1.0.7\micrometer-core-1.0.7.jar;D:\Eclipse\apache-maven-3.3.9\repository\org\hdrhistogram\HdrHistogram\2.1.10\HdrHistogram-2.1.10.jar;D:\Eclipse\apache-maven-3.3.9\repository\org\latencyutils\LatencyUtils\2.0.3\LatencyUtils-2.0.3.jar;D:\Eclipse\apache-maven-3.3.9\repository\org\springframework\boot\spring-boot-starter-web\2.0.6.RELEASE\spring-boot-starter-web-2.0.6.RELEASE.jar;D:\Eclipse\apache-maven-3.3.9\repository\org\springframework\boot\spring-boot-starter-json\2.0.6.RELEASE\spring-boot-starter-json-2.0.6.RELEASE.jar;D:\Eclipse\apache-maven-3.3.9\repository\com\fasterxml\jackson\datatype\jackson-datatype-jdk8\2.9.7\jackson-datatype-jdk8-2.9.7.jar;D:\Eclipse\apache-maven-3.3.9\repository\com\fasterxml\jackson\module\jackson-module-parameter-names\2.9.7\jackson-module-parameter-names-2.9.7.jar;D:\Eclipse\apache-maven-3.3.9\repository\org\springframework\boot\spring-boot-starter-tomcat\2.0.6.RELEASE\spring-boot-starter-tomcat-2.0.6.RELEASE.jar;D:\Eclipse\apache-maven-3.3.9\repository\org\apache\tomcat\embed\tomcat-embed-core\8.5.34\tomcat-embed-core-8.5.34.jar;D:\Eclipse\apache-maven-3.3.9\repository\org\apache\tomcat\embed\tomcat-embed-el\8.5.34\tomcat-embed-el-8.5.34.jar;D:\Eclipse\apache-maven-3.3.9\repository\org\apache\tomcat\embed\tomcat-embed-websocket\8.5.34\tomcat-embed-websocket-8.5.34.jar;D:\Eclipse\apache-maven-3.3.9\repository\org\hibernate\validator\hibernate-validator\6.0.13.Final\hibernate-validator-6.0.13.Final.jar;D:\Eclipse\apache-maven-3.3.9\repository\javax\validation\validation-api\2.0.1.Final\validation-api-2.0.1.Final.jar;D:\Eclipse\apache-maven-3.3.9\repository\org\jboss\logging\jboss-logging\3.3.2.Final\jboss-logging-3.3.2.Final.jar;D:\Eclipse\apache-maven-3.3.9\repository\com\fasterxml\classmate\1.3.4\classmate-1.3.4.jar;D:\Eclipse\apache-maven-3.3.9\repository\org\springframework\spring-web\5.0.10.RELEASE\spring-web-5.0.10.RELEASE.jar;D:\Eclipse\apache-maven-3.3.9\repository\org\springframework\spring-beans\5.0.10.RELEASE\spring-beans-5.0.10.RELEASE.jar;D:\Eclipse\apache-maven-3.3.9\repository\org\springframework\spring-webmvc\5.0.10.RELEASE\spring-webmvc-5.0.10.RELEASE.jar;D:\Eclipse\apache-maven-3.3.9\repository\org\springframework\spring-aop\5.0.10.RELEASE\spring-aop-5.0.10.RELEASE.jar;D:\Eclipse\apache-maven-3.3.9\repository\org\springframework\spring-expression\5.0.10.RELEASE\spring-expression-5.0.10.RELEASE.jar;D:\Eclipse\apache-maven-3.3.9\repository\org\springframework\boot\spring-boot-starter-test\2.0.6.RELEASE\spring-boot-starter-test-2.0.6.RELEASE.jar;D:\Eclipse\apache-maven-3.3.9\repository\org\springframework\boot\spring-boot-test\2.0.6.RELEASE\spring-boot-test-2.0.6.RELEASE.jar;D:\Eclipse\apache-maven-3.3.9\repository\org\springframework\boot\spring-boot-test-autoconfigure\2.0.6.RELEASE\spring-boot-test-autoconfigure-2.0.6.RELEASE.jar;D:\Eclipse\apache-maven-3.3.9\repository\com\jayway\jsonpath\json-path\2.4.0\json-path-2.4.0.jar;D:\Eclipse\apache-maven-3.3.9\repository\net\minidev\json-smart\2.3\json-smart-2.3.jar;D:\Eclipse\apache-maven-3.3.9\repository\net\minidev\accessors-smart\1.2\accessors-smart-1.2.jar;D:\Eclipse\apache-maven-3.3.9\repository\org\ow2\asm\asm\5.0.4\asm-5.0.4.jar;D:\Eclipse\apache-maven-3.3.9\repository\org\slf4j\slf4j-api\1.7.25\slf4j-api-1.7.25.jar;D:\Eclipse\apache-maven-3.3.9\repository\junit\junit\4.12\junit-4.12.jar;D:\Eclipse\apache-maven-3.3.9\repository\org\assertj\assertj-core\3.9.1\assertj-core-3.9.1.jar;D:\Eclipse\apache-maven-3.3.9\repository\org\mockito\mockito-core\2.15.0\mockito-core-2.15.0.jar;D:\Eclipse\apache-maven-3.3.9\repository\net\bytebuddy\byte-buddy\1.7.11\byte-buddy-1.7.11.jar;D:\Eclipse\apache-maven-3.3.9\repository\net\bytebuddy\byte-buddy-agent\1.7.11\byte-buddy-agent-1.7.11.jar;D:\Eclipse\apache-maven-3.3.9\repository\org\objenesis\objenesis\2.6\objenesis-2.6.jar;D:\Eclipse\apache-maven-3.3.9\repository\org\hamcrest\hamcrest-core\1.3\hamcrest-core-1.3.jar;D:\Eclipse\apache-maven-3.3.9\repository\org\hamcrest\hamcrest-library\1.3\hamcrest-library-1.3.jar;D:\Eclipse\apache-maven-3.3.9\repository\org\skyscreamer\jsonassert\1.5.0\jsonassert-1.5.0.jar;D:\Eclipse\apache-maven-3.3.9\repository\com\vaadin\external\google\android-json\0.0.20131108.vaadin1\android-json-0.0.20131108.vaadin1.jar;D:\Eclipse\apache-maven-3.3.9\repository\org\springframework\spring-core\5.0.10.RELEASE\spring-core-5.0.10.RELEASE.jar;D:\Eclipse\apache-maven-3.3.9\repository\org\springframework\spring-jcl\5.0.10.RELEASE\spring-jcl-5.0.10.RELEASE.jar;D:\Eclipse\apache-maven-3.3.9\repository\org\springframework\spring-test\5.0.10.RELEASE\spring-test-5.0.10.RELEASE.jar;D:\Eclipse\apache-maven-3.3.9\repository\org\xmlunit\xmlunit-core\2.5.1\xmlunit-core-2.5.1.jar;"/>
    <property name="java.vm.vendor" value="Oracle Corporation"/>
    <property name="sun.arch.data.model" value="64"/>
    <property name="user.variant" value=""/>
    <property name="java.vendor.url" value="http://java.oracle.com/"/>
    <property name="user.timezone" value=""/>
    <property name="java.vm.specification.version" value="1.8"/>
    <property name="os.name" value="Windows 10"/>
    <property name="user.country" value="CN"/>
    <property name="sun.java.launcher" value="SUN_STANDARD"/>
    <property name="sun.boot.library.path" value="D:\Java\jdk1.8.0_171\jre\bin"/>
    <property name="sun.java.command" value="C:\Users\Administrator\AppData\Local\Temp\surefire8413434602621021410\surefirebooter7019565745518395942.jar C:\Users\Administrator\AppData\Local\Temp\surefire8413434602621021410 2019-02-15T13-43-53_710-jvmRun1 surefire5795747637786033017tmp surefire_07304245916271405618tmp"/>
    <property name="surefire.test.class.path" value="D:\Workspace\IdeaProjects\SpringBoot-cache\target\test-classes;D:\Workspace\IdeaProjects\SpringBoot-cache\target\classes;D:\Eclipse\apache-maven-3.3.9\repository\org\springframework\boot\spring-boot-starter-actuator\2.0.6.RELEASE\spring-boot-starter-actuator-2.0.6.RELEASE.jar;D:\Eclipse\apache-maven-3.3.9\repository\org\springframework\boot\spring-boot-starter\2.0.6.RELEASE\spring-boot-starter-2.0.6.RELEASE.jar;D:\Eclipse\apache-maven-3.3.9\repository\org\springframework\boot\spring-boot\2.0.6.RELEASE\spring-boot-2.0.6.RELEASE.jar;D:\Eclipse\apache-maven-3.3.9\repository\org\springframework\boot\spring-boot-autoconfigure\2.0.6.RELEASE\spring-boot-autoconfigure-2.0.6.RELEASE.jar;D:\Eclipse\apache-maven-3.3.9\repository\org\springframework\boot\spring-boot-starter-logging\2.0.6.RELEASE\spring-boot-starter-logging-2.0.6.RELEASE.jar;D:\Eclipse\apache-maven-3.3.9\repository\ch\qos\logback\logback-classic\1.2.3\logback-classic-1.2.3.jar;D:\Eclipse\apache-maven-3.3.9\repository\ch\qos\logback\logback-core\1.2.3\logback-core-1.2.3.jar;D:\Eclipse\apache-maven-3.3.9\repository\org\apache\logging\log4j\log4j-to-slf4j\2.10.0\log4j-to-slf4j-2.10.0.jar;D:\Eclipse\apache-maven-3.3.9\repository\org\apache\logging\log4j\log4j-api\2.10.0\log4j-api-2.10.0.jar;D:\Eclipse\apache-maven-3.3.9\repository\org\slf4j\jul-to-slf4j\1.7.25\jul-to-slf4j-1.7.25.jar;D:\Eclipse\apache-maven-3.3.9\repository\javax\annotation\javax.annotation-api\1.3.2\javax.annotation-api-1.3.2.jar;D:\Eclipse\apache-maven-3.3.9\repository\org\yaml\snakeyaml\1.19\snakeyaml-1.19.jar;D:\Eclipse\apache-maven-3.3.9\repository\org\springframework\boot\spring-boot-actuator-autoconfigure\2.0.6.RELEASE\spring-boot-actuator-autoconfigure-2.0.6.RELEASE.jar;D:\Eclipse\apache-maven-3.3.9\repository\org\springframework\boot\spring-boot-actuator\2.0.6.RELEASE\spring-boot-actuator-2.0.6.RELEASE.jar;D:\Eclipse\apache-maven-3.3.9\repository\com\fasterxml\jackson\core\jackson-databind\2.9.7\jackson-databind-2.9.7.jar;D:\Eclipse\apache-maven-3.3.9\repository\com\fasterxml\jackson\core\jackson-annotations\2.9.0\jackson-annotations-2.9.0.jar;D:\Eclipse\apache-maven-3.3.9\repository\com\fasterxml\jackson\core\jackson-core\2.9.7\jackson-core-2.9.7.jar;D:\Eclipse\apache-maven-3.3.9\repository\org\springframework\spring-context\5.0.10.RELEASE\spring-context-5.0.10.RELEASE.jar;D:\Eclipse\apache-maven-3.3.9\repository\com\fasterxml\jackson\datatype\jackson-datatype-jsr310\2.9.7\jackson-datatype-jsr310-2.9.7.jar;D:\Eclipse\apache-maven-3.3.9\repository\io\micrometer\micrometer-core\1.0.7\micrometer-core-1.0.7.jar;D:\Eclipse\apache-maven-3.3.9\repository\org\hdrhistogram\HdrHistogram\2.1.10\HdrHistogram-2.1.10.jar;D:\Eclipse\apache-maven-3.3.9\repository\org\latencyutils\LatencyUtils\2.0.3\LatencyUtils-2.0.3.jar;D:\Eclipse\apache-maven-3.3.9\repository\org\springframework\boot\spring-boot-starter-web\2.0.6.RELEASE\spring-boot-starter-web-2.0.6.RELEASE.jar;D:\Eclipse\apache-maven-3.3.9\repository\org\springframework\boot\spring-boot-starter-json\2.0.6.RELEASE\spring-boot-starter-json-2.0.6.RELEASE.jar;D:\Eclipse\apache-maven-3.3.9\repository\com\fasterxml\jackson\datatype\jackson-datatype-jdk8\2.9.7\jackson-datatype-jdk8-2.9.7.jar;D:\Eclipse\apache-maven-3.3.9\repository\com\fasterxml\jackson\module\jackson-module-parameter-names\2.9.7\jackson-module-parameter-names-2.9.7.jar;D:\Eclipse\apache-maven-3.3.9\repository\org\springframework\boot\spring-boot-starter-tomcat\2.0.6.RELEASE\spring-boot-starter-tomcat-2.0.6.RELEASE.jar;D:\Eclipse\apache-maven-3.3.9\repository\org\apache\tomcat\embed\tomcat-embed-core\8.5.34\tomcat-embed-core-8.5.34.jar;D:\Eclipse\apache-maven-3.3.9\repository\org\apache\tomcat\embed\tomcat-embed-el\8.5.34\tomcat-embed-el-8.5.34.jar;D:\Eclipse\apache-maven-3.3.9\repository\org\apache\tomcat\embed\tomcat-embed-websocket\8.5.34\tomcat-embed-websocket-8.5.34.jar;D:\Eclipse\apache-maven-3.3.9\repository\org\hibernate\validator\hibernate-validator\6.0.13.Final\hibernate-validator-6.0.13.Final.jar;D:\Eclipse\apache-maven-3.3.9\repository\javax\validation\validation-api\2.0.1.Final\validation-api-2.0.1.Final.jar;D:\Eclipse\apache-maven-3.3.9\repository\org\jboss\logging\jboss-logging\3.3.2.Final\jboss-logging-3.3.2.Final.jar;D:\Eclipse\apache-maven-3.3.9\repository\com\fasterxml\classmate\1.3.4\classmate-1.3.4.jar;D:\Eclipse\apache-maven-3.3.9\repository\org\springframework\spring-web\5.0.10.RELEASE\spring-web-5.0.10.RELEASE.jar;D:\Eclipse\apache-maven-3.3.9\repository\org\springframework\spring-beans\5.0.10.RELEASE\spring-beans-5.0.10.RELEASE.jar;D:\Eclipse\apache-maven-3.3.9\repository\org\springframework\spring-webmvc\5.0.10.RELEASE\spring-webmvc-5.0.10.RELEASE.jar;D:\Eclipse\apache-maven-3.3.9\repository\org\springframework\spring-aop\5.0.10.RELEASE\spring-aop-5.0.10.RELEASE.jar;D:\Eclipse\apache-maven-3.3.9\repository\org\springframework\spring-expression\5.0.10.RELEASE\spring-expression-5.0.10.RELEASE.jar;D:\Eclipse\apache-maven-3.3.9\repository\org\springframework\boot\spring-boot-starter-test\2.0.6.RELEASE\spring-boot-starter-test-2.0.6.RELEASE.jar;D:\Eclipse\apache-maven-3.3.9\repository\org\springframework\boot\spring-boot-test\2.0.6.RELEASE\spring-boot-test-2.0.6.RELEASE.jar;D:\Eclipse\apache-maven-3.3.9\repository\org\springframework\boot\spring-boot-test-autoconfigure\2.0.6.RELEASE\spring-boot-test-autoconfigure-2.0.6.RELEASE.jar;D:\Eclipse\apache-maven-3.3.9\repository\com\jayway\jsonpath\json-path\2.4.0\json-path-2.4.0.jar;D:\Eclipse\apache-maven-3.3.9\repository\net\minidev\json-smart\2.3\json-smart-2.3.jar;D:\Eclipse\apache-maven-3.3.9\repository\net\minidev\accessors-smart\1.2\accessors-smart-1.2.jar;D:\Eclipse\apache-maven-3.3.9\repository\org\ow2\asm\asm\5.0.4\asm-5.0.4.jar;D:\Eclipse\apache-maven-3.3.9\repository\org\slf4j\slf4j-api\1.7.25\slf4j-api-1.7.25.jar;D:\Eclipse\apache-maven-3.3.9\repository\junit\junit\4.12\junit-4.12.jar;D:\Eclipse\apache-maven-3.3.9\repository\org\assertj\assertj-core\3.9.1\assertj-core-3.9.1.jar;D:\Eclipse\apache-maven-3.3.9\repository\org\mockito\mockito-core\2.15.0\mockito-core-2.15.0.jar;D:\Eclipse\apache-maven-3.3.9\repository\net\bytebuddy\byte-buddy\1.7.11\byte-buddy-1.7.11.jar;D:\Eclipse\apache-maven-3.3.9\repository\net\bytebuddy\byte-buddy-agent\1.7.11\byte-buddy-agent-1.7.11.jar;D:\Eclipse\apache-maven-3.3.9\repository\org\objenesis\objenesis\2.6\objenesis-2.6.jar;D:\Eclipse\apache-maven-3.3.9\repository\org\hamcrest\hamcrest-core\1.3\hamcrest-core-1.3.jar;D:\Eclipse\apache-maven-3.3.9\repository\org\hamcrest\hamcrest-library\1.3\hamcrest-library-1.3.jar;D:\Eclipse\apache-maven-3.3.9\repository\org\skyscreamer\jsonassert\1.5.0\jsonassert-1.5.0.jar;D:\Eclipse\apache-maven-3.3.9\repository\com\vaadin\external\google\android-json\0.0.20131108.vaadin1\android-json-0.0.20131108.vaadin1.jar;D:\Eclipse\apache-maven-3.3.9\repository\org\springframework\spring-core\5.0.10.RELEASE\spring-core-5.0.10.RELEASE.jar;D:\Eclipse\apache-maven-3.3.9\repository\org\springframework\spring-jcl\5.0.10.RELEASE\spring-jcl-5.0.10.RELEASE.jar;D:\Eclipse\apache-maven-3.3.9\repository\org\springframework\spring-test\5.0.10.RELEASE\spring-test-5.0.10.RELEASE.jar;D:\Eclipse\apache-maven-3.3.9\repository\org\xmlunit\xmlunit-core\2.5.1\xmlunit-core-2.5.1.jar;"/>
    <property name="sun.cpu.endian" value="little"/>
    <property name="user.home" value="C:\Users\Administrator"/>
    <property name="user.language" value="zh"/>
    <property name="java.specification.vendor" value="Oracle Corporation"/>
    <property name="java.home" value="D:\Java\jdk1.8.0_171\jre"/>
    <property name="basedir" value="D:\Workspace\IdeaProjects\SpringBoot-cache"/>
    <property name="file.separator" value="\"/>
    <property name="line.separator" value="&#10;"/>
    <property name="java.vm.specification.vendor" value="Oracle Corporation"/>
    <property name="java.specification.name" value="Java Platform API Specification"/>
    <property name="java.awt.graphicsenv" value="sun.awt.Win32GraphicsEnvironment"/>
    <property name="surefire.real.class.path" value="C:\Users\Administrator\AppData\Local\Temp\surefire8413434602621021410\surefirebooter7019565745518395942.jar"/>
    <property name="sun.boot.class.path" value="D:\Java\jdk1.8.0_171\jre\lib\resources.jar;D:\Java\jdk1.8.0_171\jre\lib\rt.jar;D:\Java\jdk1.8.0_171\jre\lib\sunrsasign.jar;D:\Java\jdk1.8.0_171\jre\lib\jsse.jar;D:\Java\jdk1.8.0_171\jre\lib\jce.jar;D:\Java\jdk1.8.0_171\jre\lib\charsets.jar;D:\Java\jdk1.8.0_171\jre\lib\jfr.jar;D:\Java\jdk1.8.0_171\jre\classes"/>
    <property name="user.script" value=""/>
    <property name="sun.management.compiler" value="HotSpot 64-Bit Tiered Compilers"/>
    <property name="java.runtime.version" value="1.8.0_171-b11"/>
    <property name="user.name" value="Administrator"/>
    <property name="path.separator" value=";"/>
    <property name="os.version" value="10.0"/>
    <property name="java.endorsed.dirs" value="D:\Java\jdk1.8.0_171\jre\lib\endorsed"/>
    <property name="java.runtime.name" value="Java(TM) SE Runtime Environment"/>
    <property name="file.encoding" value="GBK"/>
    <property name="java.vm.name" value="Java HotSpot(TM) 64-Bit Server VM"/>
    <property name="localRepository" value="D:\Eclipse\apache-maven-3.3.9\repository"/>
    <property name="java.vendor.url.bug" value="http://bugreport.sun.com/bugreport/"/>
    <property name="java.io.tmpdir" value="C:\Users\Administrator\AppData\Local\Temp\"/>
    <property name="idea.version" value="2018.1.7"/>
    <property name="java.version" value="1.8.0_171"/>
    <property name="user.dir" value="D:\Workspace\IdeaProjects\SpringBoot-cache"/>
    <property name="os.arch" value="amd64"/>
    <property name="java.vm.specification.name" value="Java Virtual Machine Specification"/>
    <property name="java.awt.printerjob" value="sun.awt.windows.WPrinterJob"/>
    <property name="sun.os.patch.level" value=""/>
    <property name="java.library.path" value="D:\Java\jdk1.8.0_171\jre\bin;C:\windows\Sun\Java\bin;C:\windows\system32;C:\windows;C:\Program Files (x86)\Common Files\NetSarang;C:\Program Files\Docker\Docker\Resources\bin;C:\Program Files (x86)\Common Files\Oracle\Java\javapath;C:\windows\system32;C:\windows;C:\windows\System32\Wbem;C:\windows\System32\WindowsPowerShell\v1.0\;D:\Program Files\nodejs\;D:\Java\jdk1.8.0_171\bin;D:\Java\jdk1.8.0_171\jre\bin;D:\Eclipse\apache-maven-3.3.9\bin\;D:\Program Files\Git\cmd;C:\Program Files (x86)\MySQL\MySQL Utilities 1.6\;D:\mongo\mongodb\bin;C:\Program Files\MySQL\MySQL Server 5.7\bin;D:\axGlobeControl;D:\Program Files\TortoiseGit\bin;C:\Users\Administrator\AppData\Local\Microsoft\WindowsApps;D:\Program Files\nodejs\node_global;D:\Program Files (x86)\Fiddler;."/>
    <property name="java.vm.info" value="mixed mode"/>
    <property name="java.vendor" value="Oracle Corporation"/>
    <property name="java.vm.version" value="25.171-b11"/>
    <property name="java.ext.dirs" value="D:\Java\jdk1.8.0_171\jre\lib\ext;C:\windows\Sun\Java\lib\ext"/>
    <property name="sun.io.unicode.encoding" value="UnicodeLittle"/>
    <property name="maven.repo.local" value="D:\Eclipse\apache-maven-3.3.9\repository"/>
    <property name="java.class.version" value="52.0"/>
  </properties>
  <testcase name="contextLoads" classname="com.spring.cache.DemoApplicationTests" time="0.277"/>
</testsuite>